Base path: C:/Program Files (x86)/Unity/Editor/Data
Pipe name: \\.\pipe\UnityShaderCompiler-7-78076
Cmd: getPlatforms
Cmd: compileSnippet
  error: 2 plat 9 at (0): Can't find include file CharaSkin.cg
  error: 2 plat 9 at (36): '' : Include callback failed
  api=9 type=0 insize=393 outsize=0 kw=DIRECTIONAL SHADOWS_OFF LIGHTMAP_ON DIRLIGHTMAP_ON ok=0
Cmd: compileSnippet
  error: 2 plat 9 at (0): Can't find include file CharaMain.cg
  error: 2 plat 9 at (38): '' : Include callback failed
  api=9 type=0 insize=393 outsize=0 kw=DIRECTIONAL SHADOWS_OFF LIGHTMAP_ON DIRLIGHTMAP_ON ok=0
Cmd: compileSnippet
  error: 2 plat 5 at (0): Can't find include file CharaMain.cg
  error: 2 plat 5 at (38): '' : Include callback failed
  api=5 type=0 insize=393 outsize=0 kw=DIRECTIONAL SHADOWS_SCREEN LIGHTMAP_ON DIRLIGHTMAP_OFF ok=0
Cmd: compileSnippet
  error: 2 plat 9 at (0): Can't find include file CharaMain.cg
  error: 2 plat 9 at (38): '' : Include callback failed
  api=9 type=0 insize=393 outsize=0 kw=DIRECTIONAL SHADOWS_SCREEN LIGHTMAP_OFF DIRLIGHTMAP_OFF VERTEXLIGHT_ON ok=0
Cmd: compileSnippet
  error: 2 plat 9 at (0): Can't find include file CharaMain.cg
  error: 2 plat 9 at (38): '' : Include callback failed
  api=9 type=0 insize=393 outsize=0 kw=DIRECTIONAL SHADOWS_SCREEN SHADOWS_NATIVE LIGHTMAP_OFF DIRLIGHTMAP_OFF VERTEXLIGHT_ON ok=0
Cmd: compileSnippet
  error: 2 plat 5 at (0): Can't find include file CharaSkin.cg
  error: 2 plat 5 at (35): '' : Include callback failed
  api=5 type=0 insize=393 outsize=0 kw=DIRECTIONAL SHADOWS_OFF LIGHTMAP_ON DIRLIGHTMAP_OFF ok=0
Cmd: compileSnippet
  error: 2 plat 9 at (0): Can't find include file CharaSkin.cg
  error: 2 plat 9 at (35): '' : Include callback failed
  api=9 type=0 insize=393 outsize=0 kw=DIRECTIONAL SHADOWS_SCREEN LIGHTMAP_ON DIRLIGHTMAP_OFF ok=0
Cmd: compileSnippet
  error: 2 plat 9 at (0): Can't find include file CharaSkin.cg
  error: 2 plat 9 at (35): '' : Include callback failed
  api=9 type=0 insize=393 outsize=0 kw=DIRECTIONAL SHADOWS_SCREEN LIGHTMAP_OFF DIRLIGHTMAP_OFF VERTEXLIGHT_ON ok=0
Cmd: compileSnippet
  error: 2 plat 9 at (0): Can't find include file CharaSkin.cg
  error: 2 plat 9 at (35): '' : Include callback failed
  api=9 type=0 insize=393 outsize=0 kw=DIRECTIONAL SHADOWS_SCREEN SHADOWS_NATIVE LIGHTMAP_ON DIRLIGHTMAP_ON ok=0
Cmd: compileSnippet
  error: 2 plat 9 at (0): Can't find include file CharaMain.cg
  error: 2 plat 9 at (38): '' : Include callback failed
  api=9 type=0 insize=393 outsize=0 kw=DIRECTIONAL SHADOWS_SCREEN LIGHTMAP_OFF DIRLIGHTMAP_OFF ok=0
Cmd: compileSnippet
  error: 2 plat 5 at (0): Can't find include file CharaMain.cg
  error: 2 plat 5 at (38): '' : Include callback failed
  api=5 type=0 insize=393 outsize=0 kw=DIRECTIONAL SHADOWS_SCREEN LIGHTMAP_ON DIRLIGHTMAP_ON ok=0
Cmd: compileSnippet
  error: 2 plat 9 at (0): Can't find include file CharaMain.cg
  error: 2 plat 9 at (38): '' : Include callback failed
  api=9 type=0 insize=393 outsize=0 kw=DIRECTIONAL SHADOWS_SCREEN SHADOWS_NATIVE LIGHTMAP_OFF DIRLIGHTMAP_OFF ok=0
Cmd: compileSnippet
  error: 2 plat 5 at (0): Can't find include file CharaMain.cg
  error: 2 plat 5 at (38): '' : Include callback failed
  api=5 type=0 insize=393 outsize=0 kw=DIRECTIONAL SHADOWS_SCREEN SHADOWS_NATIVE LIGHTMAP_OFF DIRLIGHTMAP_OFF VERTEXLIGHT_ON ok=0
Cmd: compileSnippet
  error: 2 plat 9 at (0): Can't find include file CharaSkin.cg
  error: 2 plat 9 at (33): '' : Include callback failed
  api=9 type=0 insize=393 outsize=0 kw=DIRECTIONAL SHADOWS_SCREEN LIGHTMAP_OFF DIRLIGHTMAP_OFF ok=0
Cmd: compileSnippet
  error: 2 plat 9 at (0): Can't find include file CharaSkin.cg
  error: 2 plat 9 at (33): '' : Include callback failed
  api=9 type=0 insize=393 outsize=0 kw=DIRECTIONAL SHADOWS_SCREEN LIGHTMAP_ON DIRLIGHTMAP_OFF ok=0
Cmd: compileSnippet
  error: 2 plat 5 at (0): Can't find include file CharaSkin.cg
  error: 2 plat 5 at (33): '' : Include callback failed
  api=5 type=0 insize=393 outsize=0 kw=DIRECTIONAL SHADOWS_SCREEN SHADOWS_NATIVE LIGHTMAP_ON DIRLIGHTMAP_OFF ok=0
Cmd: compileSnippet
  error: 2 plat 9 at (0): Can't find include file CharaSkin.cg
  error: 2 plat 9 at (33): '' : Include callback failed
  api=9 type=0 insize=393 outsize=0 kw=DIRECTIONAL SHADOWS_SCREEN SHADOWS_NATIVE LIGHTMAP_ON DIRLIGHTMAP_ON ok=0
Cmd: compileSnippet
  error: 2 plat 9 at (0): Can't find include file CharaSkin.cg
  error: 2 plat 9 at (34): '' : Include callback failed
  api=9 type=0 insize=393 outsize=0 kw=DIRECTIONAL SHADOWS_OFF LIGHTMAP_OFF DIRLIGHTMAP_OFF ok=0
Cmd: compileSnippet
  error: 2 plat 9 at (0): Can't find include file CharaSkin.cg
  error: 2 plat 9 at (34): '' : Include callback failed
  api=9 type=0 insize=393 outsize=0 kw=DIRECTIONAL SHADOWS_SCREEN LIGHTMAP_ON DIRLIGHTMAP_OFF ok=0
Cmd: compileSnippet
  error: 2 plat 9 at (0): Can't find include file CharaSkin.cg
  error: 2 plat 9 at (34): '' : Include callback failed
  api=9 type=0 insize=393 outsize=0 kw=DIRECTIONAL SHADOWS_SCREEN LIGHTMAP_OFF DIRLIGHTMAP_OFF VERTEXLIGHT_ON ok=0
Cmd: compileSnippet
  error: 2 plat 5 at (0): Can't find include file CharaSkin.cg
  error: 2 plat 5 at (34): '' : Include callback failed
  api=5 type=0 insize=393 outsize=0 kw=DIRECTIONAL SHADOWS_SCREEN SHADOWS_NATIVE LIGHTMAP_OFF DIRLIGHTMAP_OFF VERTEXLIGHT_ON ok=0
Cmd: compileSnippet
  error: 2 plat 9 at (0): Can't find include file CharaSkin.cg
  error: 2 plat 9 at (35): '' : Include callback failed
  api=9 type=0 insize=393 outsize=0 kw=DIRECTIONAL SHADOWS_SCREEN LIGHTMAP_OFF DIRLIGHTMAP_OFF ok=0
Cmd: compileSnippet
  error: 2 plat 5 at (0): Can't find include file CharaSkin.cg
  error: 2 plat 5 at (35): '' : Include callback failed
  api=5 type=0 insize=393 outsize=0 kw=DIRECTIONAL SHADOWS_SCREEN LIGHTMAP_ON DIRLIGHTMAP_OFF ok=0
Cmd: compileSnippet
  error: 2 plat 9 at (0): Can't find include file CharaSkin.cg
  error: 2 plat 9 at (35): '' : Include callback failed
  api=9 type=0 insize=393 outsize=0 kw=DIRECTIONAL SHADOWS_SCREEN LIGHTMAP_OFF DIRLIGHTMAP_OFF VERTEXLIGHT_ON ok=0
Cmd: compileSnippet
  error: 2 plat 9 at (0): Can't find include file CharaSkin.cg
  error: 2 plat 9 at (35): '' : Include callback failed
  api=9 type=0 insize=393 outsize=0 kw=DIRECTIONAL SHADOWS_SCREEN SHADOWS_NATIVE LIGHTMAP_OFF DIRLIGHTMAP_OFF ok=0
Cmd: compileSnippet
  error: 2 plat 5 at (0): Can't find include file CharaSkin.cg
  error: 2 plat 5 at (35): '' : Include callback failed
  api=5 type=0 insize=393 outsize=0 kw=DIRECTIONAL SHADOWS_SCREEN SHADOWS_NATIVE LIGHTMAP_ON DIRLIGHTMAP_ON ok=0
Cmd: compileSnippet
  error: 2 plat 9 at (0): Can't find include file CharaSkin.cg
  error: 2 plat 9 at (36): '' : Include callback failed
  api=9 type=0 insize=393 outsize=0 kw=DIRECTIONAL SHADOWS_OFF LIGHTMAP_OFF DIRLIGHTMAP_OFF ok=0
Cmd: compileSnippet
  error: 2 plat 9 at (0): Can't find include file CharaSkin.cg
  error: 2 plat 9 at (36): '' : Include callback failed
  api=9 type=0 insize=393 outsize=0 kw=DIRECTIONAL SHADOWS_SCREEN LIGHTMAP_ON DIRLIGHTMAP_ON ok=0
Cmd: compileSnippet
  error: 2 plat 9 at (0): Can't find include file CharaSkin.cg
  error: 2 plat 9 at (36): '' : Include callback failed
  api=9 type=0 insize=393 outsize=0 kw=DIRECTIONAL SHADOWS_SCREEN SHADOWS_NATIVE LIGHTMAP_OFF DIRLIGHTMAP_OFF ok=0
Cmd: compileSnippet
  error: 2 plat 5 at (0): Can't find include file CharaMain.cg
  error: 2 plat 5 at (38): '' : Include callback failed
  api=5 type=0 insize=393 outsize=0 kw=DIRECTIONAL SHADOWS_OFF LIGHTMAP_ON DIRLIGHTMAP_ON ok=0
Cmd: compileSnippet
  error: 2 plat 5 at (0): Can't find include file CharaMain.cg
  error: 2 plat 5 at (38): '' : Include callback failed
  api=5 type=0 insize=393 outsize=0 kw=DIRECTIONAL SHADOWS_SCREEN LIGHTMAP_ON DIRLIGHTMAP_ON ok=0
Cmd: compileSnippet
  error: 2 plat 9 at (0): Can't find include file CharaMain.cg
  error: 2 plat 9 at (38): '' : Include callback failed
  api=9 type=0 insize=393 outsize=0 kw=DIRECTIONAL SHADOWS_SCREEN LIGHTMAP_OFF DIRLIGHTMAP_OFF VERTEXLIGHT_ON ok=0
Cmd: compileSnippet
  error: 2 plat 5 at (0): Can't find include file CharaMain.cg
  error: 2 plat 5 at (38): '' : Include callback failed
  api=5 type=0 insize=393 outsize=0 kw=DIRECTIONAL SHADOWS_SCREEN SHADOWS_NATIVE LIGHTMAP_ON DIRLIGHTMAP_ON ok=0
Cmd: compileSnippet
  error: 2 plat 9 at (0): Can't find include file CharaSkin.cg
  error: 2 plat 9 at (35): '' : Include callback failed
  api=9 type=0 insize=393 outsize=0 kw=DIRECTIONAL SHADOWS_OFF LIGHTMAP_OFF DIRLIGHTMAP_OFF ok=0
Cmd: compileSnippet
  error: 2 plat 9 at (0): Can't find include file CharaSkin.cg
  error: 2 plat 9 at (35): '' : Include callback failed
  api=9 type=0 insize=393 outsize=0 kw=DIRECTIONAL SHADOWS_SCREEN LIGHTMAP_ON DIRLIGHTMAP_OFF ok=0
Cmd: compileSnippet
  error: 2 plat 5 at (0): Can't find include file CharaSkin.cg
  error: 2 plat 5 at (35): '' : Include callback failed
  api=5 type=0 insize=393 outsize=0 kw=DIRECTIONAL SHADOWS_SCREEN LIGHTMAP_OFF DIRLIGHTMAP_OFF VERTEXLIGHT_ON ok=0
Cmd: compileSnippet
  error: 2 plat 5 at (0): Can't find include file CharaMain.cg
  error: 2 plat 5 at (38): '' : Include callback failed
  api=5 type=0 insize=393 outsize=0 kw=DIRECTIONAL SHADOWS_OFF LIGHTMAP_OFF DIRLIGHTMAP_OFF ok=0
Cmd: compileSnippet
  error: 2 plat 5 at (0): Can't find include file CharaMain.cg
  error: 2 plat 5 at (38): '' : Include callback failed
  api=5 type=0 insize=393 outsize=0 kw=DIRECTIONAL SHADOWS_SCREEN LIGHTMAP_ON DIRLIGHTMAP_OFF ok=0
Cmd: compileSnippet
  error: 2 plat 9 at (0): Can't find include file CharaMain.cg
  error: 2 plat 9 at (38): '' : Include callback failed
  api=9 type=0 insize=393 outsize=0 kw=DIRECTIONAL SHADOWS_SCREEN LIGHTMAP_ON DIRLIGHTMAP_ON ok=0
Cmd: compileSnippet
  error: 2 plat 5 at (0): Can't find include file CharaMain.cg
  error: 2 plat 5 at (38): '' : Include callback failed
  api=5 type=0 insize=393 outsize=0 kw=DIRECTIONAL SHADOWS_SCREEN LIGHTMAP_OFF DIRLIGHTMAP_OFF VERTEXLIGHT_ON ok=0
Cmd: compileSnippet
  error: 2 plat 9 at (0): Can't find include file CharaMain.cg
  error: 2 plat 9 at (38): '' : Include callback failed
  api=9 type=0 insize=393 outsize=0 kw=DIRECTIONAL SHADOWS_SCREEN SHADOWS_NATIVE LIGHTMAP_ON DIRLIGHTMAP_OFF ok=0
Cmd: compileSnippet
  error: 2 plat 5 at (0): Can't find include file CharaMain.cg
  error: 2 plat 5 at (38): '' : Include callback failed
  api=5 type=0 insize=393 outsize=0 kw=DIRECTIONAL SHADOWS_SCREEN SHADOWS_NATIVE LIGHTMAP_OFF DIRLIGHTMAP_OFF VERTEXLIGHT_ON ok=0
Cmd: compileSnippet
  error: 2 plat 9 at (0): Can't find include file CharaOutline.cg
  error: 2 plat 9 at (50): '' : Include callback failed
  api=9 type=0 insize=339 outsize=0 kw= ok=0
Cmd: compileSnippet
  error: 2 plat 5 at (0): Can't find include file CharaSkin.cg
  error: 2 plat 5 at (33): '' : Include callback failed
  api=5 type=0 insize=393 outsize=0 kw=DIRECTIONAL SHADOWS_SCREEN LIGHTMAP_OFF DIRLIGHTMAP_OFF ok=0
Cmd: compileSnippet
  error: 2 plat 5 at (0): Can't find include file CharaSkin.cg
  error: 2 plat 5 at (33): '' : Include callback failed
  api=5 type=0 insize=393 outsize=0 kw=DIRECTIONAL SHADOWS_SCREEN LIGHTMAP_ON DIRLIGHTMAP_OFF ok=0
Cmd: compileSnippet
  error: 2 plat 5 at (0): Can't find include file CharaSkin.cg
  error: 2 plat 5 at (33): '' : Include callback failed
  api=5 type=0 insize=393 outsize=0 kw=DIRECTIONAL SHADOWS_OFF LIGHTMAP_OFF DIRLIGHTMAP_OFF VERTEXLIGHT_ON ok=0
Cmd: compileSnippet
  error: 2 plat 9 at (0): Can't find include file CharaSkin.cg
  error: 2 plat 9 at (33): '' : Include callback failed
  api=9 type=0 insize=393 outsize=0 kw=DIRECTIONAL SHADOWS_SCREEN SHADOWS_NATIVE LIGHTMAP_OFF DIRLIGHTMAP_OFF ok=0
Cmd: compileSnippet
  error: 2 plat 9 at (0): Can't find include file CharaSkin.cg
  error: 2 plat 9 at (33): '' : Include callback failed
  api=9 type=0 insize=393 outsize=0 kw=DIRECTIONAL SHADOWS_SCREEN SHADOWS_NATIVE LIGHTMAP_ON DIRLIGHTMAP_OFF ok=0
Cmd: compileSnippet
  error: 2 plat 5 at (0): Can't find include file CharaSkin.cg
  error: 2 plat 5 at (34): '' : Include callback failed
  api=5 type=0 insize=393 outsize=0 kw=DIRECTIONAL SHADOWS_OFF LIGHTMAP_ON DIRLIGHTMAP_ON ok=0
Cmd: compileSnippet
  error: 2 plat 5 at (0): Can't find include file CharaSkin.cg
  error: 2 plat 5 at (34): '' : Include callback failed
  api=5 type=0 insize=393 outsize=0 kw=DIRECTIONAL SHADOWS_SCREEN LIGHTMAP_ON DIRLIGHTMAP_OFF ok=0
Cmd: compileSnippet
  error: 2 plat 9 at (0): Can't find include file CharaSkin.cg
  error: 2 plat 9 at (34): '' : Include callback failed
  api=9 type=0 insize=393 outsize=0 kw=DIRECTIONAL SHADOWS_SCREEN LIGHTMAP_ON DIRLIGHTMAP_ON ok=0
Cmd: compileSnippet
  error: 2 plat 5 at (0): Can't find include file CharaSkin.cg
  error: 2 plat 5 at (34): '' : Include callback failed
  api=5 type=0 insize=393 outsize=0 kw=DIRECTIONAL SHADOWS_SCREEN SHADOWS_NATIVE LIGHTMAP_OFF DIRLIGHTMAP_OFF ok=0
Cmd: compileSnippet
  error: 2 plat 5 at (0): Can't find include file CharaSkin.cg
  error: 2 plat 5 at (34): '' : Include callback failed
  api=5 type=0 insize=393 outsize=0 kw=DIRECTIONAL SHADOWS_SCREEN SHADOWS_NATIVE LIGHTMAP_ON DIRLIGHTMAP_ON ok=0
Cmd: compileSnippet
  error: 2 plat 9 at (0): Can't find include file CharaSkin.cg
  error: 2 plat 9 at (35): '' : Include callback failed
  api=9 type=0 insize=393 outsize=0 kw=DIRECTIONAL SHADOWS_OFF LIGHTMAP_ON DIRLIGHTMAP_ON ok=0
Cmd: compileSnippet
  error: 2 plat 9 at (0): Can't find include file CharaSkin.cg
  error: 2 plat 9 at (35): '' : Include callback failed
  api=9 type=0 insize=393 outsize=0 kw=DIRECTIONAL SHADOWS_SCREEN LIGHTMAP_ON DIRLIGHTMAP_OFF ok=0
Cmd: compileSnippet
  error: 2 plat 9 at (0): Can't find include file CharaSkin.cg
  error: 2 plat 9 at (35): '' : Include callback failed
  api=9 type=0 insize=393 outsize=0 kw=DIRECTIONAL SHADOWS_SCREEN SHADOWS_NATIVE LIGHTMAP_OFF DIRLIGHTMAP_OFF ok=0
Unhandled exception: Readfile from pipe failed. GLE=The pipe has been ended.


Quitting shader compiler process
